2026-04-03 15:36:34 Loaded main app package /usr/lib/obsidian/obsidian.asar
2026-04-03 15:36:34 Checking for update using Github
2026-04-03 15:36:34 Success.
2026-04-03 15:36:34 Latest version is 1.12.7
2026-04-03 15:36:34 App is up to date.
2026-04-03 16:08:03 Loaded main app package /usr/lib/obsidian/obsidian.asar
2026-04-03 16:08:03 Checking for update using Github
2026-04-03 16:08:03 Success.
2026-04-03 16:08:03 Latest version is 1.12.7
2026-04-03 16:08:03 App is up to date.
2026-04-06 05:43:59 Loaded main app package /usr/lib/obsidian/obsidian.asar
2026-04-06 05:44:00 Checking for update using Github
2026-04-06 05:44:00 Success.
2026-04-06 05:44:00 Latest version is 1.12.7
2026-04-06 05:44:00 App is up to date.
2026-04-06 05:49:33 Loaded main app package /usr/lib/obsidian/obsidian.asar
2026-04-06 05:49:33 Checking for update using Github
2026-04-06 05:49:33 Success.
2026-04-06 05:49:33 Latest version is 1.12.7
2026-04-06 05:49:33 App is up to date.
2026-04-06 06:04:29 Loaded main app package /usr/lib/obsidian/obsidian.asar
2026-04-06 06:04:29 Checking for update using Github
2026-04-06 06:04:29 Success.
2026-04-06 06:04:29 Latest version is 1.12.7
2026-04-06 06:04:29 App is up to date.
2026-04-06 11:02:09 Loaded main app package /usr/lib/obsidian/obsidian.asar
2026-04-06 11:02:10 Checking for update using Github
2026-04-06 11:02:10 Success.
2026-04-06 11:02:10 Latest version is 1.12.7
2026-04-06 11:02:10 App is up to date.
2026-04-06 11:04:17 Loaded main app package /usr/lib/obsidian/obsidian.asar
2026-04-06 11:04:21 Loaded main app package /usr/lib/obsidian/obsidian.asar
2026-04-06 11:04:21 Checking for update using Github
2026-04-06 11:04:21 Success.
2026-04-06 11:04:21 Latest version is 1.12.7
2026-04-06 11:04:21 App is up to date.
2026-04-06 11:10:19 Loaded main app package /usr/lib/obsidian/obsidian.asar
2026-04-06 11:10:19 Checking for update using Github
2026-04-06 11:10:19 Success.
2026-04-06 11:10:19 Latest version is 1.12.7
2026-04-06 11:10:19 App is up to date.
2026-04-06 11:12:13 Loaded main app package /usr/lib/obsidian/obsidian.asar
2026-04-06 11:12:13 Checking for update using Github
2026-04-06 11:12:13 Success.
2026-04-06 11:12:13 Latest version is 1.12.7
2026-04-06 11:12:13 App is up to date.
2026-04-06 11:38:48 Loaded main app package /usr/lib/obsidian/obsidian.asar
2026-04-06 11:38:49 Checking for update using Github
2026-04-06 11:38:49 Success.
2026-04-06 11:38:49 Latest version is 1.12.7
2026-04-06 11:38:49 App is up to date.
2026-04-07 04:28:48 Loaded main app package /usr/lib/obsidian/obsidian.asar
2026-04-07 04:28:48 Checking for update using Github
2026-04-07 04:28:48 Success.
2026-04-07 04:28:48 Latest version is 1.12.7
2026-04-07 04:28:48 App is up to date.
2026-04-07 05:50:58 Checking for update using Github
2026-04-07 05:50:58 Success.
2026-04-07 05:50:58 Latest version is 1.12.7
2026-04-07 05:50:58 App is up to date.
2026-04-07 09:27:43 Checking for update using Github
2026-04-07 09:27:43 Success.
2026-04-07 09:27:43 Latest version is 1.12.7
2026-04-07 09:27:43 App is up to date.
2026-04-08 05:18:32 Loaded main app package /usr/lib/obsidian/obsidian.asar
2026-04-08 05:18:32 Checking for update using Github
2026-04-08 05:18:32 Success.
2026-04-08 05:18:32 Latest version is 1.12.7
2026-04-08 05:18:32 App is up to date.
2026-04-08 06:18:31 Checking for update using Github
2026-04-08 06:18:31 Success.
2026-04-08 06:18:31 Latest version is 1.12.7
2026-04-08 06:18:31 App is up to date.
